<?xml version="1.0" encoding="UTF-8"?>
<testsuite xmlns:xsi="http://www.w3.org/2001/XMLSchema-instance" xsi:noNamespaceSchemaLocation="https://maven.apache.org/surefire/maven-surefire-plugin/xsd/surefire-test-report.xsd" name="tests.TestDynamicLoading" time="14.631" tests="2" errors="0" skipped="0" failures="0">
  <properties>
[...]
</properties>
  <testcase name="elementAppears" classname="tests.TestDynamicLoading" time="14.631"/>
  <testcase name="hiddenElementLoads" classname="tests.TestDynamicLoading" time="13.628"/>
</testsuite>